#
# There is insufficient memory for the Java Runtime Environment to continue.
# Native memory allocation (malloc) failed to allocate 111216 bytes for Chunk::new
# Possible reasons:
#   The system is out of physical RAM or swap space
#   The process is running with CompressedOops enabled, and the Java Heap may be blocking the growth of the native heap
# Possible solutions:
#   Reduce memory load on the system
#   Increase physical memory or swap space
#   Check if swap backing store is full
#   Decrease Java heap size (-Xmx/-Xms)
#   Decrease number of Java threads
#   Decrease Java thread stack sizes (-Xss)
#   Set larger code cache with -XX:ReservedCodeCacheSize=
#   JVM is running with Unscaled Compressed Oops mode in which the Java heap is
#     placed in the first 4GB address space. The Java Heap base address is the
#     maximum limit for the native heap growth. Please use -XX:HeapBaseMinAddress
#     to set the Java Heap base and to place the Java Heap above 4GB virtual address.
# This output file may be truncated or incomplete.
#
#  Out of Memory Error (allocation.cpp:389), pid=3252, tid=0x0000000000000c78
#
# JRE version: OpenJDK Runtime Environment (8.0_212-b04) (build 1.8.0_212-release-1586-b04)
# Java VM: OpenJDK 64-Bit Server VM (25.212-b04 mixed mode windows-amd64 compressed oops)
# Failed to write core dump. Minidumps are not enabled by default on client versions of Windows
#

---------------  T H R E A D  ---------------

Current thread (0x0000000015bb3800):  JavaThread "C2 CompilerThread0" daemon [_thread_in_native, id=3192, stack(0x0000000016f50000,0x0000000017050000)]

Stack: [0x0000000016f50000,0x0000000017050000]
[error occurred during error reporting (printing stack bounds), id 0xc0000005]

Native frames: (J=compiled Java code, j=interpreted, Vv=VM code, C=native code)


Current CompileTask:
C2:  51384 9587       4       java.lang.Class::annotationData (44 bytes)


---------------  P R O C E S S  ---------------

Java Threads: ( => current thread )
  0x000000001c304000 JavaThread "WorkerExecutor Queue" [_thread_blocked, id=6668, stack(0x00000000242d0000,0x00000000243d0000)]
  0x00000000187cd000 JavaThread "RMI TCP Connection(4)-127.0.0.1" daemon [_thread_in_native, id=3724, stack(0x0000000024070000,0x0000000024170000)]
  0x00000000187cc800 JavaThread "RMI RenewClean-[127.0.0.1:17570,org.jetbrains.kotlin.daemon.common.LoopbackNetworkInterface$ClientLoopbackSocketFactory@1a1a0132]" daemon [_thread_blocked, id=6456, stack(0x0000000023f40000,0x0000000024040000)]
  0x00000000187cb800 JavaThread "RMI TCP Connection(2)-127.0.0.1" daemon [_thread_in_native, id=5816, stack(0x0000000023270000,0x0000000023370000)]
  0x00000000187c8000 JavaThread "RMI RenewClean-[127.0.0.1:17570,org.jetbrains.kotlin.daemon.common.LoopbackNetworkInterface$ClientLoopbackSocketFactory@768a8c6b]" daemon [_thread_blocked, id=4312, stack(0x0000000023d90000,0x0000000023e90000)]
  0x00000000187cb000 JavaThread "RMI TCP Connection(3)-127.0.0.1" daemon [_thread_in_native, id=4576, stack(0x0000000023860000,0x0000000023960000)]
  0x00000000187ca000 JavaThread "RMI Reaper" [_thread_blocked, id=6724, stack(0x0000000023590000,0x0000000023690000)]
  0x00000000187c9800 JavaThread "RMI TCP Accept-0" daemon [_thread_in_native, id=7412, stack(0x00000000233d0000,0x00000000234d0000)]
  0x00000000187c8800 JavaThread "GC Daemon" daemon [_thread_blocked, id=5292, stack(0x0000000023150000,0x0000000023250000)]
  0x00000000187c7000 JavaThread "RMI Scheduler(0)" daemon [_thread_blocked, id=7292, stack(0x0000000022f80000,0x0000000023080000)]
  0x00000000187c6800 JavaThread "Cache worker for execution history cache (D:\android projects\search-samples-master\Weatherate\.gradle\5.6.4\executionHistory)" [_thread_blocked, id=4220, stack(0x0000000022810000,0x0000000022910000)]
  0x0000000018185800 JavaThread "Execution worker for ':'" [_thread_in_native, id=5928, stack(0x0000000022320000,0x0000000022420000)]
  0x0000000018184000 JavaThread "Cache worker for file content cache (D:\android projects\search-samples-master\Weatherate\.gradle\5.6.4\fileContent)" [_thread_blocked, id=6396, stack(0x0000000020a40000,0x0000000020b40000)]
  0x0000000018183800 JavaThread "Cache worker for file content cache (C:\Users\USER\.gradle\caches\5.6.4\fileContent)" [_thread_blocked, id=5700, stack(0x0000000019700000,0x0000000019800000)]
  0x0000000018182800 JavaThread "Memory manager" [_thread_blocked, id=6512, stack(0x0000000020840000,0x0000000020940000)]
  0x0000000018182000 JavaThread "Cache worker for Build Output Cleanup Cache (D:\android projects\search-samples-master\Weatherate\.gradle\buildOutputCleanup)" [_thread_blocked, id=3420, stack(0x000000001f1d0000,0x000000001f2d0000)]
  0x0000000018181000 JavaThread "Build operations Thread 2" [_thread_blocked, id=6160, stack(0x000000001f4c0000,0x000000001f5c0000)]
  0x0000000018180000 JavaThread "Build operations" [_thread_blocked, id=7340, stack(0x000000001f2d0000,0x000000001f3d0000)]
  0x000000001817f800 JavaThread "Cache worker for execution history cache (C:\Users\USER\.gradle\caches\5.6.4\executionHistory)" [_thread_blocked, id=6412, stack(0x000000001ee50000,0x000000001ef50000)]
  0x000000001817e800 JavaThread "Cache worker for cache directory md-rule (C:\Users\USER\.gradle\caches\5.6.4\md-rule)" [_thread_blocked, id=572, stack(0x000000001b980000,0x000000001ba80000)]
  0x000000001a0bd000 JavaThread "Cache worker for cache directory md-supplier (C:\Users\USER\.gradle\caches\5.6.4\md-supplier)" [_thread_blocked, id=7556, stack(0x000000001cf50000,0x000000001d050000)]
  0x000000001a0b8800 JavaThread "Cache worker for file hash cache (D:\android projects\search-samples-master\Weatherate\.gradle\5.6.4\fileHashes)" [_thread_blocked, id=6220, stack(0x000000001d080000,0x000000001d180000)]
  0x000000001a0b8000 JavaThread "Cache worker for journal cache (C:\Users\USER\.gradle\caches\journal-1)" [_thread_blocked, id=5272, stack(0x000000001bc70000,0x000000001bd70000)]
  0x000000001a0b7000 JavaThread "File lock request listener" [_thread_in_native, id=2852, stack(0x000000001bac0000,0x000000001bbc0000)]
  0x000000001a0b6800 JavaThread "Cache worker for file hash cache (C:\Users\USER\.gradle\caches\5.6.4\fileHashes)" [_thread_blocked, id=7492, stack(0x000000001b050000,0x000000001b150000)]
  0x00000000190d9000 JavaThread "Thread-9" [_thread_blocked, id=4604, stack(0x000000001b680000,0x000000001b780000)]
  0x00000000190d6000 JavaThread "Stdin handler" [_thread_blocked, id=6472, stack(0x000000001b510000,0x000000001b610000)]
  0x00000000190d1000 JavaThread "Asynchronous log dispatcher for DefaultDaemonConnection: socket connection from /127.0.0.1:52279 to /127.0.0.1:52280" [_thread_blocked, id=4832, stack(0x000000001b320000,0x000000001b420000)]
  0x00000000190df000 JavaThread "Daemon worker" [_thread_blocked, id=1804, stack(0x000000001b170000,0x000000001b270000)]
  0x00000000190de000 JavaThread "Cancel handler" [_thread_blocked, id=7796, stack(0x000000001af10000,0x000000001b010000)]
  0x000000001908c000 JavaThread "Handler for socket connection from /127.0.0.1:52279 to /127.0.0.1:52280" [_thread_in_native, id=7680, stack(0x0000000019b60000,0x0000000019c60000)]
  0x000000001908a800 JavaThread "Daemon" [_thread_blocked, id=1512, stack(0x0000000019990000,0x0000000019a90000)]
  0x0000000019061000 JavaThread "Daemon periodic checks" [_thread_blocked, id=6352, stack(0x0000000019810000,0x0000000019910000)]
  0x0000000019052000 JavaThread "Incoming local TCP Connector on port 52279" [_thread_in_native, id=1880, stack(0x0000000019170000,0x0000000019270000)]
  0x0000000018faa000 JavaThread "Daemon health stats" [_thread_blocked, id=5436, stack(0x0000000019270000,0x0000000019370000)]
  0x0000000015c0d800 JavaThread "Service Thread" daemon [_thread_blocked, id=4680, stack(0x00000000176c0000,0x00000000177c0000)]
  0x0000000015c0a800 JavaThread "C1 CompilerThread1" daemon [_thread_blocked, id=3216, stack(0x00000000170c0000,0x00000000171c0000)]
=>0x0000000015bb3800 JavaThread "C2 CompilerThread0" daemon [_thread_in_native, id=3192, stack(0x0000000016f50000,0x0000000017050000)]
  0x0000000015bb2000 JavaThread "Attach Listener" daemon [_thread_blocked, id=8036, stack(0x0000000016bd0000,0x0000000016cd0000)]
  0x0000000015bb1000 JavaThread "Signal Dispatcher" daemon [_thread_blocked, id=1800, stack(0x0000000016d10000,0x0000000016e10000)]
  0x0000000015b8d800 JavaThread "Finalizer" daemon [_thread_blocked, id=7308, stack(0x0000000016a90000,0x0000000016b90000)]
  0x0000000015b84800 JavaThread "Reference Handler" daemon [_thread_blocked, id=7552, stack(0x0000000016910000,0x0000000016a10000)]
  0x0000000001d90000 JavaThread "main" [_thread_blocked, id=8160, stack(0x0000000002100000,0x0000000002200000)]

Other Threads:
  0x0000000015b3c800 VMThread [stack: 0x0000000016790000,0x0000000016890000] [id=2368]
  0x00000000171c0800 WatcherThread [stack: 0x0000000016e20000,0x0000000016f20000] [id=7164]

VM state:not at safepoint (normal execution)

VM Mutex/Monitor currently owned by a thread: None

heap address: 0x00000000a0000000, size: 1536 MB, Compressed Oops mode: 32-bit
Narrow klass base: 0x0000000000000000, Narrow klass shift: 3
Compressed class space size: 1073741824 Address: 0x000000013f420000

Heap:
 PSYoungGen      total 177152K, used 78006K [0x00000000e0000000, 0x00000000ef280000, 0x0000000100000000)
  eden space 158720K, 37% used [0x00000000e0000000,0x00000000e3a335d8,0x00000000e9b00000)
  from space 18432K, 99% used [0x00000000eb480000,0x00000000ec67a4b0,0x00000000ec680000)
  to   space 26112K, 0% used [0x00000000e9b00000,0x00000000e9b00000,0x00000000eb480000)
 ParOldGen       total 135168K, used 41578K [0x00000000a0000000, 0x00000000a8400000, 0x00000000e0000000)
  object space 135168K, 30% used [0x00000000a0000000,0x00000000a289abf0,0x00000000a8400000)
 Metaspace       used 71825K, capacity 74302K, committed 74624K, reserved 1114112K
  class space    used 9691K, capacity 10284K, committed 10368K, reserved 1048576K

Card table byte_map: [0x0000000011890000,0x0000000011ba0000] byte_map_base: 0x0000000011390000

Marking Bits: (ParMarkBitMap*) 0x00000000602a9f30
 Begin Bits: [0x0000000011f10000, 0x0000000013710000)
 End Bits:   [0x0000000013710000, 0x0000000014f10000)

Polling page: 0x0000000000330000

CodeCache: size=245760Kb used=27533Kb max_used=27539Kb free=218226Kb
 bounds [0x00000000024d0000, 0x0000000003fd0000, 0x00000000114d0000]
 total_blobs=9349 nmethods=8491 adapters=769
 compilation: enabled

Compilation events (10 events):
Event: 51.359 Thread 0x0000000015bb3800 nmethod 9577 0x0000000003fc85d0 code [0x0000000003fc88c0, 0x0000000003fca900]
Event: 51.359 Thread 0x0000000015bb3800 9582       4       java.util.concurrent.locks.AbstractQueuedSynchronizer::enq (58 bytes)
Event: 51.360 Thread 0x0000000015bb3800 nmethod 9582 0x0000000003fbf910 code [0x0000000003fbfa60, 0x0000000003fbfc48]
Event: 51.360 Thread 0x0000000015bb3800 9583   !   4       com.esotericsoftware.kryo.io.Output::flush (57 bytes)
Event: 51.361 Thread 0x0000000015bb3800 nmethod 9583 0x0000000003fbc810 code [0x0000000003fbc960, 0x0000000003fbca38]
Event: 51.370 Thread 0x0000000015c0a800 9585   !   3       java.io.ObjectStreamClass::invokeReadObject (93 bytes)
Event: 51.370 Thread 0x0000000015c0a800 nmethod 9585 0x0000000003fc7210 code [0x0000000003fc7420, 0x0000000003fc80b8]
Event: 51.370 Thread 0x0000000015c0a800 9586       3       java.io.ObjectInputStream$GetFieldImpl::getFieldOffset (72 bytes)
Event: 51.371 Thread 0x0000000015c0a800 nmethod 9586 0x0000000003fc5790 code [0x0000000003fc5a20, 0x0000000003fc6998]
Event: 51.371 Thread 0x0000000015bb3800 9587       4       java.lang.Class::annotationData (44 bytes)

GC Heap History (10 events):
Event: 13.626 GC heap before
{Heap before GC invocations=13 (full 2):
 PSYoungGen      total 141312K, used 141144K [0x00000000e0000000, 0x00000000e9c00000, 0x0000000100000000)
  eden space 128512K, 100% used [0x00000000e0000000,0x00000000e7d80000,0x00000000e7d80000)
  from space 12800K, 98% used [0x00000000e8f80000,0x00000000e9bd6010,0x00000000e9c00000)
  to   space 14336K, 0% used [0x00000000e8000000,0x00000000e8000000,0x00000000e8e00000)
 ParOldGen       total 92160K, used 17440K [0x00000000a0000000, 0x00000000a5a00000, 0x00000000e0000000)
  object space 92160K, 18% used [0x00000000a0000000,0x00000000a1108188,0x00000000a5a00000)
 Metaspace       used 54582K, capacity 56420K, committed 56576K, reserved 1097728K
  class space    used 7413K, capacity 7857K, committed 7936K, reserved 1048576K
Event: 13.667 GC heap after
Heap after GC invocations=13 (full 2):
 PSYoungGen      total 145408K, used 14323K [0x00000000e0000000, 0x00000000ec680000, 0x0000000100000000)
  eden space 131072K, 0% used [0x00000000e0000000,0x00000000e0000000,0x00000000e8000000)
  from space 14336K, 99% used [0x00000000e8000000,0x00000000e8dfce58,0x00000000e8e00000)
  to   space 18432K, 0% used [0x00000000eb480000,0x00000000eb480000,0x00000000ec680000)
 ParOldGen       total 92160K, used 24515K [0x00000000a0000000, 0x00000000a5a00000, 0x00000000e0000000)
  object space 92160K, 26% used [0x00000000a0000000,0x00000000a17f0f78,0x00000000a5a00000)
 Metaspace       used 54582K, capacity 56420K, committed 56576K, reserved 1097728K
  class space    used 7413K, capacity 7857K, committed 7936K, reserved 1048576K
}
Event: 14.831 GC heap before
{Heap before GC invocations=14 (full 2):
 PSYoungGen      total 145408K, used 51488K [0x00000000e0000000, 0x00000000ec680000, 0x0000000100000000)
  eden space 131072K, 28% used [0x00000000e0000000,0x00000000e244b1a8,0x00000000e8000000)
  from space 14336K, 99% used [0x00000000e8000000,0x00000000e8dfce58,0x00000000e8e00000)
  to   space 18432K, 0% used [0x00000000eb480000,0x00000000eb480000,0x00000000ec680000)
 ParOldGen       total 92160K, used 24515K [0x00000000a0000000, 0x00000000a5a00000, 0x00000000e0000000)
  object space 92160K, 26% used [0x00000000a0000000,0x00000000a17f0f78,0x00000000a5a00000)
 Metaspace       used 57229K, capacity 59020K, committed 59096K, reserved 1099776K
  class space    used 7820K, capacity 8259K, committed 8320K, reserved 1048576K
Event: 14.864 GC heap after
Heap after GC invocations=14 (full 2):
 PSYoungGen      total 184832K, used 10449K [0x00000000e0000000, 0x00000000ece00000, 0x0000000100000000)
  eden space 166400K, 0% used [0x00000000e0000000,0x00000000e0000000,0x00000000ea280000)
  from space 18432K, 56% used [0x00000000eb480000,0x00000000ebeb4408,0x00000000ec680000)
  to   space 18432K, 0% used [0x00000000ea280000,0x00000000ea280000,0x00000000eb480000)
 ParOldGen       total 92160K, used 30737K [0x00000000a0000000, 0x00000000a5a00000, 0x00000000e0000000)
  object space 92160K, 33% used [0x00000000a0000000,0x00000000a1e046d0,0x00000000a5a00000)
 Metaspace       used 57229K, capacity 59020K, committed 59096K, reserved 1099776K
  class space    used 7820K, capacity 8259K, committed 8320K, reserved 1048576K
}
Event: 14.864 GC heap before
{Heap before GC invocations=15 (full 3):
 PSYoungGen      total 184832K, used 10449K [0x00000000e0000000, 0x00000000ece00000, 0x0000000100000000)
  eden space 166400K, 0% used [0x00000000e0000000,0x00000000e0000000,0x00000000ea280000)
  from space 18432K, 56% used [0x00000000eb480000,0x00000000ebeb4408,0x00000000ec680000)
  to   space 18432K, 0% used [0x00000000ea280000,0x00000000ea280000,0x00000000eb480000)
 ParOldGen       total 92160K, used 30737K [0x00000000a0000000, 0x00000000a5a00000, 0x00000000e0000000)
  object space 92160K, 33% used [0x00000000a0000000,0x00000000a1e046d0,0x00000000a5a00000)
 Metaspace       used 57229K, capacity 59020K, committed 59096K, reserved 1099776K
  class space    used 7820K, capacity 8259K, committed 8320K, reserved 1048576K
Event: 15.173 GC heap after
Heap after GC invocations=15 (full 3):
 PSYoungGen      total 184832K, used 0K [0x00000000e0000000, 0x00000000ece00000, 0x0000000100000000)
  eden space 166400K, 0% used [0x00000000e0000000,0x00000000e0000000,0x00000000ea280000)
  from space 18432K, 0% used [0x00000000eb480000,0x00000000eb480000,0x00000000ec680000)
  to   space 18432K, 0% used [0x00000000ea280000,0x00000000ea280000,0x00000000eb480000)
 ParOldGen       total 135168K, used 31237K [0x00000000a0000000, 0x00000000a8400000, 0x00000000e0000000)
  object space 135168K, 23% used [0x00000000a0000000,0x00000000a1e815f0,0x00000000a8400000)
 Metaspace       used 57229K, capacity 59020K, committed 59096K, reserved 1099776K
  class space    used 7820K, capacity 8259K, committed 8320K, reserved 1048576K
}
Event: 22.061 GC heap before
{Heap before GC invocations=16 (full 3):
 PSYoungGen      total 184832K, used 166400K [0x00000000e0000000, 0x00000000ece00000, 0x0000000100000000)
  eden space 166400K, 100% used [0x00000000e0000000,0x00000000ea280000,0x00000000ea280000)
  from space 18432K, 0% used [0x00000000eb480000,0x00000000eb480000,0x00000000ec680000)
  to   space 18432K, 0% used [0x00000000ea280000,0x00000000ea280000,0x00000000eb480000)
 ParOldGen       total 135168K, used 31259K [0x00000000a0000000, 0x00000000a8400000, 0x00000000e0000000)
  object space 135168K, 23% used [0x00000000a0000000,0x00000000a1e86d18,0x00000000a8400000)
 Metaspace       used 64436K, capacity 66660K, committed 66816K, reserved 1107968K
  class space    used 8709K, capacity 9215K, committed 9216K, reserved 1048576K
Event: 22.087 GC heap after
Heap after GC invocations=16 (full 3):
 PSYoungGen      total 184832K, used 17879K [0x00000000e0000000, 0x00000000ece00000, 0x0000000100000000)
  eden space 166400K, 0% used [0x00000000e0000000,0x00000000e0000000,0x00000000ea280000)
  from space 18432K, 97% used [0x00000000ea280000,0x00000000eb3f5dc0,0x00000000eb480000)
  to   space 18432K, 0% used [0x00000000eb480000,0x00000000eb480000,0x00000000ec680000)
 ParOldGen       total 135168K, used 31267K [0x00000000a0000000, 0x00000000a8400000, 0x00000000e0000000)
  object space 135168K, 23% used [0x00000000a0000000,0x00000000a1e88d18,0x00000000a8400000)
 Metaspace       used 64436K, capacity 66660K, committed 66816K, reserved 1107968K
  class space    used 8709K, capacity 9215K, committed 9216K, reserved 1048576K
}
Event: 40.302 GC heap before
{Heap before GC invocations=17 (full 3):
 PSYoungGen      total 184832K, used 184279K [0x00000000e0000000, 0x00000000ece00000, 0x0000000100000000)
  eden space 166400K, 100% used [0x00000000e0000000,0x00000000ea280000,0x00000000ea280000)
  from space 18432K, 97% used [0x00000000ea280000,0x00000000eb3f5dc0,0x00000000eb480000)
  to   space 18432K, 0% used [0x00000000eb480000,0x00000000eb480000,0x00000000ec680000)
 ParOldGen       total 135168K, used 31267K [0x00000000a0000000, 0x00000000a8400000, 0x00000000e0000000)
  object space 135168K, 23% used [0x00000000a0000000,0x00000000a1e88d18,0x00000000a8400000)
 Metaspace       used 71165K, capacity 73546K, committed 73728K, reserved 1112064K
  class space    used 9619K, capacity 10162K, committed 10240K, reserved 1048576K
Event: 40.337 GC heap after
Heap after GC invocations=17 (full 3):
 PSYoungGen      total 177152K, used 18409K [0x00000000e0000000, 0x00000000ef280000, 0x0000000100000000)
  eden space 158720K, 0% used [0x00000000e0000000,0x00000000e0000000,0x00000000e9b00000)
  from space 18432K, 99% used [0x00000000eb480000,0x00000000ec67a4b0,0x00000000ec680000)
  to   space 26112K, 0% used [0x00000000e9b00000,0x00000000e9b00000,0x00000000eb480000)
 ParOldGen       total 135168K, used 41578K [0x00000000a0000000, 0x00000000a8400000, 0x00000000e0000000)
  object space 135168K, 30% used [0x00000000a0000000,0x00000000a289abf0,0x00000000a8400000)
 Metaspace       used 71165K, capacity 73546K, committed 73728K, reserved 1112064K
  class space    used 9619K, capacity 10162K, committed 10240K, reserved 1048576K
}

Deoptimization events (10 events):
Event: 43.574 Thread 0x00000000187c6800 Uncommon trap: reason=unstable_if action=reinterpret pc=0x0000000002acab4c method=java.io.BufferedOutputStream.write([BII)V @ 6
Event: 43.642 Thread 0x00000000190df000 Uncommon trap: reason=null_assert action=make_not_entrant pc=0x0000000002ab3a0c method=org.gradle.internal.snapshot.impl.DirectorySnapshotter$PathVisitor.shouldVisit(Ljava/nio/file/Path;Ljava/lang/String;ZLjava/nio/file/attribute/BasicFileAttributes;Ljava
Event: 43.828 Thread 0x00000000187cd000 Uncommon trap: reason=class_check action=maybe_recompile pc=0x000000000337c638 method=java.lang.ThreadLocal.set(Ljava/lang/Object;)V @ 26
Event: 51.289 Thread 0x00000000190df000 Uncommon trap: reason=unstable_if action=reinterpret pc=0x000000000368a930 method=org.apache.commons.io.FilenameUtils.doNormalize(Ljava/lang/String;CZ)Ljava/lang/String; @ 219
Event: 51.306 Thread 0x000000001c304000 Uncommon trap: reason=bimorphic action=maybe_recompile pc=0x0000000003ec92fc method=java.io.ObjectInputStream$PeekInputStream.read()I @ 23
Event: 51.306 Thread 0x000000001c304000 Uncommon trap: reason=bimorphic action=maybe_recompile pc=0x0000000003ec92fc method=java.io.ObjectInputStream$PeekInputStream.read()I @ 23
Event: 51.306 Thread 0x000000001c304000 Uncommon trap: reason=bimorphic action=maybe_recompile pc=0x0000000003ec92fc method=java.io.ObjectInputStream$PeekInputStream.read()I @ 23
Event: 51.306 Thread 0x000000001c304000 Uncommon trap: reason=bimorphic action=maybe_recompile pc=0x0000000003ec92fc method=java.io.ObjectInputStream$PeekInputStream.read()I @ 23
Event: 51.306 Thread 0x000000001c304000 Uncommon trap: reason=bimorphic action=maybe_recompile pc=0x0000000003eeaab0 method=java.io.ObjectInputStream$PeekInputStream.read()I @ 23
Event: 51.306 Thread 0x000000001c304000 Uncommon trap: reason=bimorphic action=maybe_recompile pc=0x0000000003eca2c8 method=java.io.ObjectInputStream$PeekInputStream.read()I @ 23

Classes redefined (0 events):
No events

Internal exceptions (10 events):
Event: 28.119 Thread 0x00000000190df000 Exception <a 'java/lang/NoSuchMethodError': <clinit>> (0x00000000e9853be8) thrown at [D:\src\AOSP-openjdk-cygwin\jdk8u\hotspot\src\share\vm\prims\jni.cpp, line 1614]
Event: 28.154 Thread 0x00000000190df000 Exception <a 'java/lang/NoSuchMethodError': <clinit>> (0x00000000e99dfe08) thrown at [D:\src\AOSP-openjdk-cygwin\jdk8u\hotspot\src\share\vm\prims\jni.cpp, line 1614]
Event: 28.158 Thread 0x00000000190df000 Exception <a 'java/lang/NoSuchMethodError': <clinit>> (0x00000000e9af04a8) thrown at [D:\src\AOSP-openjdk-cygwin\jdk8u\hotspot\src\share\vm\prims\jni.cpp, line 1614]
Event: 40.356 Thread 0x00000000190df000 Implicit null exception at 0x0000000003ba355c to 0x0000000003ba540d
Event: 40.764 Thread 0x00000000190df000 Exception <a 'java/lang/NoSuchMethodError': <clinit>> (0x00000000e0fa2680) thrown at [D:\src\AOSP-openjdk-cygwin\jdk8u\hotspot\src\share\vm\prims\jni.cpp, line 1614]
Event: 41.211 Thread 0x00000000187c8000 Exception <a 'java/lang/InterruptedException'> (0x00000000e248c818) thrown at [D:\src\AOSP-openjdk-cygwin\jdk8u\hotspot\src\share\vm\runtime\objectMonitor.cpp, line 1680]
Event: 43.799 Thread 0x00000000187cc800 Exception <a 'java/lang/InterruptedException'> (0x00000000e2d8ba30) thrown at [D:\src\AOSP-openjdk-cygwin\jdk8u\hotspot\src\share\vm\runtime\objectMonitor.cpp, line 1680]
Event: 51.291 Thread 0x00000000190df000 Exception <a 'java/lang/NoSuchMethodError': <clinit>> (0x00000000e35218f8) thrown at [D:\src\AOSP-openjdk-cygwin\jdk8u\hotspot\src\share\vm\prims\jni.cpp, line 1614]
Event: 51.292 Thread 0x00000000190df000 Exception <a 'java/lang/NoSuchMethodError': <clinit>> (0x00000000e3535b68) thrown at [D:\src\AOSP-openjdk-cygwin\jdk8u\hotspot\src\share\vm\prims\jni.cpp, line 1614]
Event: 51.294 Thread 0x00000000190df000 Exception <a 'java/lang/NoSuchMethodError': <clinit>> (0x00000000e358c508) thrown at [D:\src\AOSP-openjdk-cygwin\jdk8u\hotspot\src\share\vm\prims\jni.cpp, line 1614]

Events (10 events):
Event: 51.306 Thread 0x000000001c304000 DEOPT PACKING pc=0x0000000003ec92fc sp=0x00000000243cdce0
Event: 51.306 Thread 0x000000001c304000 DEOPT UNPACKING pc=0x000000000251557b sp=0x00000000243cdba0 mode 2
Event: 51.306 Thread 0x000000001c304000 Uncommon trap: trap_request=0xffffffc6 fr.pc=0x0000000003eeaab0
Event: 51.306 Thread 0x000000001c304000 DEOPT PACKING pc=0x0000000003eeaab0 sp=0x00000000243cdc90
Event: 51.306 Thread 0x000000001c304000 DEOPT UNPACKING pc=0x000000000251557b sp=0x00000000243cdba8 mode 2
Event: 51.306 Thread 0x000000001c304000 Uncommon trap: trap_request=0xffffffc6 fr.pc=0x0000000003eca2c8
Event: 51.306 Thread 0x000000001c304000 DEOPT PACKING pc=0x0000000003eca2c8 sp=0x00000000243cdc30
Event: 51.306 Thread 0x000000001c304000 DEOPT UNPACKING pc=0x000000000251557b sp=0x00000000243cdba8 mode 2
Event: 51.375 Executing VM operation: RevokeBias
Event: 51.375 Executing VM operation: RevokeBias done


Dynamic libraries:
0x000000013f3e0000 - 0x000000013f411000 	C:\Program Files\Android\Android Studio\jre\bin\java.exe
0x00000000773b0000 - 0x000000007755a000 	C:\Windows\SYSTEM32\ntdll.dll
0x000007fee9770000 - 0x000007fee9785000 	C:\Program Files\AVAST Software\Avast\aswhook.dll
0x0000000077190000 - 0x00000000772af000 	C:\Windows\system32\kernel32.dll
0x000007fefd100000 - 0x000007fefd16a000 	C:\Windows\system32\KERNELBASE.dll
0x000007fefdc30000 - 0x000007fefdd0b000 	C:\Windows\system32\ADVAPI32.dll
0x000007fefeb70000 - 0x000007fefec0f000 	C:\Windows\system32\msvcrt.dll
0x000007fefec80000 - 0x000007fefec9f000 	C:\Windows\SYSTEM32\sechost.dll
0x000007fefdb00000 - 0x000007fefdc2d000 	C:\Windows\system32\RPCRT4.dll
0x00000000772b0000 - 0x00000000773aa000 	C:\Windows\system32\USER32.dll
0x000007fefec10000 - 0x000007fefec77000 	C:\Windows\system32\GDI32.dll
0x000007fefd810000 - 0x000007fefd81e000 	C:\Windows\system32\LPK.dll
0x000007fefdd10000 - 0x000007fefddda000 	C:\Windows\system32\USP10.dll
0x000007fefbaf0000 - 0x000007fefbce4000 	C:\Windows\WinSxS\amd64_microsoft.windows.common-controls_6595b64144ccf1df_6.0.7601.18837_none_fa3b1e3d17594757\COMCTL32.dll
0x000007fefecb0000 - 0x000007fefed21000 	C:\Windows\system32\SHLWAPI.dll
0x000007fefd4a0000 - 0x000007fefd4ce000 	C:\Windows\system32\IMM32.DLL
0x000007fefd700000 - 0x000007fefd809000 	C:\Windows\system32\MSCTF.dll
0x000000006f620000 - 0x000000006f6f2000 	C:\Program Files\Android\Android Studio\jre\jre\bin\msvcr100.dll
0x000000005fae0000 - 0x0000000060326000 	C:\Program Files\Android\Android Studio\jre\jre\bin\server\jvm.dll
0x000007fef96c0000 - 0x000007fef96c9000 	C:\Windows\system32\WSOCK32.dll
0x000007fefd820000 - 0x000007fefd86d000 	C:\Windows\system32\WS2_32.dll
0x000007fefeca0000 - 0x000007fefeca8000 	C:\Windows\system32\NSI.dll
0x000007fefadb0000 - 0x000007fefadeb000 	C:\Windows\system32\WINMM.dll
0x000007fefc520000 - 0x000007fefc52c000 	C:\Windows\system32\VERSION.dll
0x0000000077580000 - 0x0000000077587000 	C:\Windows\system32\PSAPI.DLL
0x000007feec090000 - 0x000007feec09f000 	C:\Program Files\Android\Android Studio\jre\jre\bin\verify.dll
0x000007fee5ef0000 - 0x000007fee5f19000 	C:\Program Files\Android\Android Studio\jre\jre\bin\java.dll
0x000007fee5e90000 - 0x000007fee5ea6000 	C:\Program Files\Android\Android Studio\jre\jre\bin\zip.dll
0x000007fefdde0000 - 0x000007fefeb69000 	C:\Windows\system32\SHELL32.dll
0x000007fefd8f0000 - 0x000007fefdaf3000 	C:\Windows\system32\ole32.dll
0x000007fefd0e0000 - 0x000007fefd0ef000 	C:\Windows\system32\profapi.dll
0x000007fede980000 - 0x000007fede99a000 	C:\Program Files\Android\Android Studio\jre\jre\bin\net.dll
0x000007fefd570000 - 0x000007fefd6f4000 	C:\Windows\system32\urlmon.dll
0x000007fefd280000 - 0x000007fefd284000 	C:\Windows\system32\api-ms-win-downlevel-ole32-l1-1-0.dll
0x000007fefd270000 - 0x000007fefd274000 	C:\Windows\system32\api-ms-win-downlevel-shlwapi-l1-1-0.dll
0x000007fefd1f0000 - 0x000007fefd1f5000 	C:\Windows\system32\api-ms-win-downlevel-advapi32-l1-1-0.dll
0x000007fefd1b0000 - 0x000007fefd1b4000 	C:\Windows\system32\api-ms-win-downlevel-user32-l1-1-0.dll
0x000007fefd1c0000 - 0x000007fefd1c4000 	C:\Windows\system32\api-ms-win-downlevel-version-l1-1-0.dll
0x000007fefd260000 - 0x000007fefd263000 	C:\Windows\system32\api-ms-win-downlevel-normaliz-l1-1-0.dll
0x0000000077570000 - 0x0000000077573000 	C:\Windows\system32\normaliz.DLL
0x000007fefedd0000 - 0x000007feff09a000 	C:\Windows\system32\iertutil.dll
0x000007feff0a0000 - 0x000007feff372000 	C:\Windows\system32\WININET.dll
0x000007fefd1d0000 - 0x000007fefd1ee000 	C:\Windows\system32\USERENV.dll
0x000007fefc9b0000 - 0x000007fefca05000 	C:\Windows\system32\mswsock.dll
0x000007fefc870000 - 0x000007fefc877000 	C:\Windows\System32\wship6.dll
0x000007fedd6e0000 - 0x000007fedd6f3000 	C:\Program Files\Android\Android Studio\jre\jre\bin\nio.dll
0x000007feec320000 - 0x000007feec346000 	C:\Users\USER\.gradle\native\30\windows-amd64\native-platform.dll
0x000007fef2f10000 - 0x000007fef2f13000 	C:\Windows\system32\api-ms-win-core-synch-l1-2-0.DLL
0x000007feec080000 - 0x000007feec08d000 	C:\Program Files\Android\Android Studio\jre\jre\bin\management.dll
0x000007fefcac0000 - 0x000007fefcad8000 	C:\Windows\system32\CRYPTSP.dll
0x000007fefc5b0000 - 0x000007fefc5f7000 	C:\Windows\system32\rsaenh.dll
0x000007fefcf80000 - 0x000007fefcf8f000 	C:\Windows\system32\CRYPTBASE.dll
0x000007fef98f0000 - 0x000007fef9917000 	C:\Windows\system32\IPHLPAPI.DLL
0x000007fef98d0000 - 0x000007fef98db000 	C:\Windows\system32\WINNSI.DLL
0x000007fef96f0000 - 0x000007fef9701000 	C:\Windows\system32\dhcpcsvc6.DLL
0x000007fef96d0000 - 0x000007fef96e8000 	C:\Windows\system32\dhcpcsvc.DLL
0x000007fee4a60000 - 0x000007fee4a84000 	C:\Program Files\Android\Android Studio\jre\jre\bin\sunec.dll
0x000007fefc480000 - 0x000007fefc487000 	C:\Windows\System32\wshtcpip.dll
0x000007fefc6f0000 - 0x000007fefc74b000 	C:\Windows\system32\DNSAPI.dll
0x000007fef3700000 - 0x000007fef3708000 	C:\Windows\system32\rasadhlp.dll
0x000007fef9720000 - 0x000007fef9773000 	C:\Windows\System32\fwpuclnt.dll
0x000007fee53c0000 - 0x000007fee53cb000 	C:\Program Files\Android\Android Studio\jre\jre\bin\sunmscapi.dll
0x000007fefd330000 - 0x000007fefd49d000 	C:\Windows\system32\CRYPT32.dll
0x000007fefd0f0000 - 0x000007fefd0ff000 	C:\Windows\system32\MSASN1.dll
0x000007fef9b90000 - 0x000007fef9bae000 	C:\Users\USER\AppData\Local\Temp\native-platform4995318544704490119dir\native-platform.dll
0x000007fefcf20000 - 0x000007fefcf77000 	C:\Windows\system32\apphelp.dll

VM Arguments:
jvm_args: -Xmx1536m -Dfile.encoding=windows-1251 -Duser.country=US -Duser.language=en -Duser.variant 
java_command: org.gradle.launcher.daemon.bootstrap.GradleDaemon 5.6.4
java_class_path (initial): C:\Users\USER\.gradle\wrapper\dists\gradle-5.6.4-all\ankdp27end7byghfw1q2sw75f\gradle-5.6.4\lib\gradle-launcher-5.6.4.jar
Launcher Type: SUN_STANDARD

Environment Variables:
JAVA_HOME=C:\Program Files\Java\jdk1.8.0_191
PATH=C:\Program Files (x86)\Common Files\Oracle\Java\javapath;C:\Program Files\NVIDIA GPU Computing Toolkit\CUDA\v8.0\bin;C:\Program Files\NVIDIA GPU Computing Toolkit\CUDA\v8.0\libnvvp;C:\Program Files\Microsoft MPI\Bin\;C:\ProgramData\Oracle\Java\javapath;C:\Program Files (x86)\Intel\iCLS Client\;C:\Program Files\Intel\iCLS Client\;C:\Windows\system32;C:\Windows;C:\Windows\System32\Wbem;C:\Windows\System32\WindowsPowerShell\v1.0\;C:\Program Files\Intel\Intel(R) Management Engine Components\DAL;C:\Program Files (x86)\Intel\Intel(R) Management Engine Components\DAL;C:\Program Files\Intel\Intel(R) Management Engine Components\IPT;C:\Program Files (x86)\Intel\Intel(R) Management Engine Components\IPT;C:\Program Files (x86)\NVIDIA Corporation\PhysX\Common;C:\Program Files (x86)\Windows Kits\8.1\Windows Performance Toolkit\;C:\Program Files\Microsoft SQL Server\110\Tools\Binn\;D:\opencv\build\x64\vc12\bin\;C:\Program Files\CMake\bin;C:\Program Files\EBLearn\bin;C:\Anaconda3;C:\Anaconda3\Scripts;C:\Anaconda3\Library\bin;F:\inpainting\other_progs\neural\cntk\cntk\cntk.exe;C:\Program Files\Microsoft MPI\Bin;C:\Program Files (x86)\Skype\Phone\;C:\Users\USER\.dnx\bin;C:\Program Files\Microsoft DNX\Dnvm\;C:\Program Files\Microsoft SQL Server\130\Tools\Binn\;D:\opencv320\build\x64\vc14\bin\;C:\Program Files\NVIDIA Corporation\NVIDIA NvDLISR;G:\Git\cmd;C:\Program Files (x86)\Sophos\Sophos SSL VPN Client\bin
USERNAME=USER
OS=Windows_NT
PROCESSOR_IDENTIFIER=Intel64 Family 6 Model 60 Stepping 3, GenuineIntel



---------------  S Y S T E M  ---------------

OS: Windows 7 , 64 bit Build 7601 (6.1.7601.23677)

CPU:total 2 (initial active 2) (2 cores per cpu, 1 threads per core) family 6 model 60 stepping 3, cmov, cx8, fxsr, mmx, sse, sse2, sse3, ssse3, sse4.1, sse4.2, popcnt, clmul, erms, lzcnt, tsc, tscinvbit

Memory: 4k page, physical 8247304k(701856k free), swap 8356776k(5136k free)

vm_info: OpenJDK 64-Bit Server VM (25.212-b04) for windows-amd64 JRE (1.8.0_212-release-1586-b04), built by "builder" with MS VC++ 10.0 (VS2010)

time: Sat Apr 04 15:24:05 2020
timezone: Caucasus Standard Time
elapsed time: 51 seconds (0d 0h 0m 51s)

